Cloning into 'Project'...
webpackage/
webpackage/script1.plx
webpackage/script2.plx
webpackage/form.htm
webpackage/index.htm
4c35c39059c70384f192b9b283a936f4 not equal to a95687e6c9c74b40ae06d53d41f7f492
webpackage/
webpackage/script1.plx
webpackage/script2.plx
webpackage/form.htm
webpackage/index.htm
webpackage/
webpackage/script1.plx
webpackage/script2.plx
webpackage/form.htm
webpackage/index.htm
webpackage/
webpackage/script1.plx
webpackage/script2.plx
webpackage/form.htm
webpackage/index.htm
webpackage/
webpackage/script1.plx
webpackage/script2.plx
webpackage/form.htm
webpackage/index.htm
webpackage/
webpackage/script1.plx
webpackage/script2.plx
webpackage/form.htm
webpackage/index.htm
webpackage/
webpackage/script1.plx
webpackage/script2.plx
webpackage/form.htm
webpackage/index.htm
webpackage/
webpackage/script1.plx
webpackage/script2.plx
webpackage/form.htm
webpackage/index.htm
