Cloning into 'Project'...
webpackage/
webpackage/script1.plx
webpackage/script2.plx
webpackage/form.htm
webpackage/index.htm
a95687e6c9c74b40ae06d53d41f7f492 not equal to 3c67eb90a3a7e30e6ea95ecff4512f65
webpackage/
webpackage/script1.plx
webpackage/script2.plx
webpackage/form.htm
webpackage/index.htm
webpackage/
webpackage/script1.plx
webpackage/script2.plx
webpackage/form.htm
webpackage/index.htm
webpackage/
webpackage/script1.plx
webpackage/script2.plx
webpackage/form.htm
webpackage/index.htm
webpackage/
webpackage/script1.plx
webpackage/script2.plx
webpackage/form.htm
webpackage/index.htm
webpackage/
webpackage/script1.plx
webpackage/script2.plx
webpackage/form.htm
webpackage/index.htm
webpackage/
webpackage/script1.plx
webpackage/script2.plx
webpackage/form.htm
webpackage/index.htm
webpackage/
webpackage/script1.plx
webpackage/script2.plx
webpackage/form.htm
webpackage/index.htm
